<?xml version="1.0" encoding="UTF-8"?>
<!-- Generated by org.testng.reporters.JUnitReportReporter -->
<testsuite name="test.Sample" tests="1" time="9.179" ignored="0" failures="0" timestamp="04 Dec 2019 19:50:57 GMT" skipped="0" hostname="MYPC" errors="0">
  <testcase name="test" time="9.179" classname="test.Sample"/>
</testsuite> <!-- test.Sample -->
