<?xml version="1.0" encoding="UTF-8"?>
<!-- Generated by org.testng.reporters.JUnitReportReporter -->
<testsuite name="test.HomePageTest" tests="1" time="30.229" ignored="0" failures="0" timestamp="04 Dec 2019 19:44:38 GMT" skipped="0" hostname="MYPC" errors="0">
  <testcase name="clickLoginButton" time="30.229" classname="test.HomePageTest"/>
</testsuite> <!-- test.HomePageTest -->
