<?xml version="1.0" encoding="UTF-8"?>
<!-- Generated by org.testng.reporters.JUnitReportReporter -->
<testsuite skipped="0" hostname="MYPC" name="test.PageTests" tests="1" failures="0" timestamp="08 Dec 2019 00:16:27 GMT" time="18.160" errors="0">
  <testcase name="testHomePageLogin" time="18.160" classname="test.PageTests"/>
</testsuite> <!-- test.PageTests -->
