<?xml version="1.0" encoding="UTF-8"?>
<!-- Generated by org.testng.reporters.JUnitReportReporter -->
<testsuite skipped="0" hostname="MYPC" name="test.LoginToTrelloTest" tests="1" failures="0" timestamp="08 Dec 2019 00:50:52 GMT" time="24.046" errors="0">
  <testcase name="testHomePageLogin" time="24.046" classname="test.LoginToTrelloTest"/>
</testsuite> <!-- test.LoginToTrelloTest -->
