<?xml version="1.0" encoding="UTF-8"?>
<!-- Generated by org.testng.reporters.JUnitReportReporter -->
<testsuite skipped="0" hostname="MYPC" name="test.PageTests2" tests="1" failures="0" timestamp="08 Dec 2019 00:20:27 GMT" time="33.026" errors="0">
  <testcase name="createNewBoard" time="33.026" classname="test.PageTests2"/>
</testsuite> <!-- test.PageTests2 -->
