<?xml version="1.0" encoding="UTF-8"?>
<!-- Generated by org.testng.reporters.JUnitReportReporter -->
<testsuite name="test.LoginTest" tests="1" time="0.489" ignored="0" failures="0" timestamp="04 Dec 2019 18:39:22 GMT" skipped="0" hostname="MYPC" errors="0">
  <testcase name="invalidLoginTest_InvalidUserNameInvalidPassword" time="0.489" classname="test.LoginTest"/>
</testsuite> <!-- test.LoginTest -->
