<?xml version="1.0" encoding="UTF-8"?>
<!-- Generated by org.testng.reporters.JUnitReportReporter -->
<testsuite skipped="0" hostname="MYPC" name="test.ActionsOnBoardPageTests" tests="1" failures="0" timestamp="08 Dec 2019 14:01:28 GMT" time="59.750" errors="0">
  <testcase name="createNewBoard" time="59.750" classname="test.ActionsOnBoardPageTests"/>
</testsuite> <!-- test.ActionsOnBoardPageTests -->
