<?xml version="1.0" encoding="UTF-8"?>
<!-- Generated by org.testng.reporters.JUnitReportReporter -->
<testsuite skipped="0" hostname="MYPC" name="test.LoginToTrelloTest" tests="1" failures="0" timestamp="08 Dec 2019 14:01:28 GMT" time="20.878" errors="0">
  <testcase name="testTrelloPageLogin" time="20.878" classname="test.LoginToTrelloTest"/>
</testsuite> <!-- test.LoginToTrelloTest -->
